{
  "score": 0.32859468258274555,
  "components": {
    "compile": 0.0,
    "static": 0.0,
    "runtime": 0.0,
    "logic": 0.8214867064568638
  },
  "details": [
    {
      "stage": "compile",
      "iec2c_stdout": "",
      "iec2c_stderr": "wrapped.st:12: error: invalid specification in variable declaration.\nwrapped.st:16: error: invalid specification in variable declaration.\nwrapped.st:19: error: invalid specification in variable declaration.\nwrapped.st:20: error: invalid specification in variable declaration.\nwrapped.st:21: error: invalid specification in variable declaration.\nwrapped.st:24: error: invalid variable before ':=' in ST assignment statement.\nwrapped.st:24: error: ';' missing at the end of statement in ST statement.\nwrapped.st:24: error: invalid statement in ST statement.\nwrapped.st:29: error: invalid variable before ':=' in ST assignment statement.\nwrapped.st:29: error: ';' missing at the end of statement in ST statement.\nwrapped.st:29: error: invalid statement in ST statement.\nwrapped.st:43: error: invalid variable before ':=' in ST assignment statement.\nwrapped.st:43: error: ';' missing at the end of statement in ST statement.\nwrapped.st:43: error: invalid statement in ST statement.\nSegmentation fault (core dumped)\n",
      "status": "iec2c_failed"
    },
    {
      "stage": "static",
      "status": "no_c_files"
    },
    {
      "stage": "runtime",
      "status": "no_binary"
    },
    {
      "stage": "logic",
      "status": "similarity",
      "ratio": 0.8214867064568638
    }
  ]
}