{
  "score": 0.3125827814569536,
  "components": {
    "compile": 0.0,
    "static": 0.0,
    "runtime": 0.0,
    "logic": 0.7814569536423841
  },
  "details": [
    {
      "stage": "compile",
      "iec2c_stdout": "",
      "iec2c_stderr": "wrapped.st:17: error: ')' missing at the end of function invocation in ST expression.\nwrapped.st:17: error: ';' missing at the end of statement in ST statement.\nwrapped.st:17: error: invalid statement in ST statement.\n\n3 error(s) found. Bailing out!\n",
      "status": "iec2c_failed"
    },
    {
      "stage": "static",
      "status": "no_c_files"
    },
    {
      "stage": "runtime",
      "status": "no_binary"
    },
    {
      "stage": "logic",
      "status": "similarity",
      "ratio": 0.7814569536423841
    }
  ]
}