{
  "score": 0.0,
  "components": {
    "compile": 0.0,
    "static": 0.0,
    "runtime": 0.0,
    "logic": 0.0
  },
  "details": [
    {
      "stage": "compile",
      "iec2c_stdout": "",
      "iec2c_stderr": "wrapped.st:6: error: FUNCTION_BLOCK with no variable declarations and no body.\nwrapped.st:12: error: invalid specification in variable declaration.\nwrapped.st:15: error: invalid variable before ':=' in ST assignment statement.\nwrapped.st:20: error: ';' missing at the end of statement in ST statement.\nwrapped.st:20: error: invalid variable before ':=' in ST assignment statement.\nwrapped.st:20: error: ';' missing at the end of statement in ST statement.\nwrapped.st:20: error: invalid statement in ST statement.\nwrapped.st:21: error: invalid statement in ST statement.\n\nParsing failed because of too many consecutive syntax errors. Bailing out!\n",
      "status": "iec2c_failed"
    },
    {
      "stage": "static",
      "status": "no_c_files"
    },
    {
      "stage": "runtime",
      "status": "no_binary"
    },
    {
      "stage": "logic",
      "status": "similarity",
      "ratio": 0.0
    }
  ]
}