{
  "score": 0.2953020134228188,
  "components": {
    "compile": 0.0,
    "static": 0.0,
    "runtime": 0.0,
    "logic": 0.738255033557047
  },
  "details": [
    {
      "stage": "compile",
      "iec2c_stdout": "",
      "iec2c_stderr": "wrapped.st:22: error: invalid variable before ':=' in ST assignment statement.\nwrapped.st:22: error: expecting 'THEN' after test expression in ST 'IF' statement.\n\n1 error(s) found. Bailing out!\n",
      "status": "iec2c_failed"
    },
    {
      "stage": "static",
      "status": "no_c_files"
    },
    {
      "stage": "runtime",
      "status": "no_binary"
    },
    {
      "stage": "logic",
      "status": "similarity",
      "ratio": 0.738255033557047
    }
  ]
}