{
  "score": 0.3273563218390805,
  "components": {
    "compile": 0.0,
    "static": 0.0,
    "runtime": 0.0,
    "logic": 0.8183908045977012
  },
  "details": [
    {
      "stage": "compile",
      "iec2c_stdout": "",
      "iec2c_stderr": "wrapped.st:12: error: invalid specification in variable declaration.\nwrapped.st:22: error: ';' missing at the end of statement in ST statement.\nwrapped.st:22: error: invalid statement in ST statement.\nwrapped.st:23: error: ';' missing at the end of statement in ST statement.\nwrapped.st:23: error: invalid statement in ST statement.\nwrapped.st:24: error: ';' missing at the end of statement in ST statement.\nwrapped.st:24: error: invalid statement in ST statement.\nwrapped.st:25: error: ';' missing at the end of statement in ST statement.\nwrapped.st:25: error: invalid statement in ST statement.\nSegmentation fault (core dumped)\n",
      "status": "iec2c_failed"
    },
    {
      "stage": "static",
      "status": "no_c_files"
    },
    {
      "stage": "runtime",
      "status": "no_binary"
    },
    {
      "stage": "logic",
      "status": "similarity",
      "ratio": 0.8183908045977012
    }
  ]
}