{
  "score": 0.3592982456140351,
  "components": {
    "compile": 0.0,
    "static": 0.0,
    "runtime": 0.0,
    "logic": 0.8982456140350877
  },
  "details": [
    {
      "stage": "compile",
      "iec2c_stdout": "",
      "iec2c_stderr": "wrapped.st:8: error: invalid specification in variable declaration.\nwrapped.st:24: error: ';' missing at the end of statement in ST statement.\nwrapped.st:24: error: invalid statement in ST statement.\nwrapped.st:26: error: ';' missing at the end of statement in ST statement.\nwrapped.st:26: error: invalid statement in ST statement.\nwrapped.st:28: error: ';' missing at the end of statement in ST statement.\nwrapped.st:28: error: invalid statement in ST statement.\nwrapped.st:30: error: ';' missing at the end of statement in ST statement.\nwrapped.st:30: error: invalid statement in ST statement.\nSegmentation fault (core dumped)\n",
      "status": "iec2c_failed"
    },
    {
      "stage": "static",
      "status": "no_c_files"
    },
    {
      "stage": "runtime",
      "status": "no_binary"
    },
    {
      "stage": "logic",
      "status": "similarity",
      "ratio": 0.8982456140350877
    }
  ]
}