{
  "score": 0.013333333333333332,
  "components": {
    "compile": 0.0,
    "static": 0.0,
    "runtime": 0.0,
    "logic": 0.03333333333333333
  },
  "details": [
    {
      "stage": "compile",
      "iec2c_stdout": "",
      "iec2c_stderr": "wrapped.st:13: error: invalid specification in variable declaration.\nwrapped.st:13: error: invalid located variable declaration.\nwrapped.st:13: error: unexpected token after 'VAR' in located variable(s) declaration.\nwrapped.st:12: error: unexpected located variable(s) declaration in function block declaration.\nwrapped.st:6: error: unknown error in function block declaration.\nwrapped.st:22: error: invalid specification in variable declaration.\nwrapped.st:25: error: invalid variable before ':=' in ST assignment statement.\nwrapped.st:30: error: ';' missing at the end of statement in ST statement.\nwrapped.st:30: error: invalid variable before ':=' in ST assignment statement.\nwrapped.st:30: error: ';' missing at the end of statement in ST statement.\nwrapped.st:30: error: invalid statement in ST statement.\nwrapped.st:31: error: invalid statement in ST statement.\n\nParsing failed because of too many consecutive syntax errors. Bailing out!\n",
      "status": "iec2c_failed"
    },
    {
      "stage": "static",
      "status": "no_c_files"
    },
    {
      "stage": "runtime",
      "status": "no_binary"
    },
    {
      "stage": "logic",
      "status": "similarity",
      "ratio": 0.03333333333333333
    }
  ]
}