{
  "score": 0.1169811320754717,
  "components": {
    "compile": 0.0,
    "static": 0.0,
    "runtime": 0.0,
    "logic": 0.29245283018867924
  },
  "details": [
    {
      "stage": "compile",
      "iec2c_stdout": "",
      "iec2c_stderr": "wrapped.st:7: error: ',' missing in variable list.\nwrapped.st:8: error: ',' missing in variable list.\nwrapped.st:22: error: invalid specification in variable declaration.\nwrapped.st:7: error: unexpected token after 'VAR' in variable(s) declaration.\nwrapped.st:25: error: invalid variable before ':=' in ST assignment statement.\nwrapped.st:30: error: ';' missing at the end of statement in ST statement.\nwrapped.st:30: error: invalid variable before ':=' in ST assignment statement.\nwrapped.st:30: error: ';' missing at the end of statement in ST statement.\nwrapped.st:30: error: invalid statement in ST statement.\nwrapped.st:31: error: invalid statement in ST statement.\n\nParsing failed because of too many consecutive syntax errors. Bailing out!\n",
      "status": "iec2c_failed"
    },
    {
      "stage": "static",
      "status": "no_c_files"
    },
    {
      "stage": "runtime",
      "status": "no_binary"
    },
    {
      "stage": "logic",
      "status": "similarity",
      "ratio": 0.29245283018867924
    }
  ]
}