{
  "score": 0.35069885641677256,
  "components": {
    "compile": 0.0,
    "static": 0.0,
    "runtime": 0.0,
    "logic": 0.8767471410419314
  },
  "details": [
    {
      "stage": "compile",
      "iec2c_stdout": "",
      "iec2c_stderr": "wrapped.st:8: error: invalid variable(s) declaration.\nwrapped.st:9: error: invalid variable(s) declaration.\nwrapped.st:8: error: unexpected token after 'VAR_IN_OUT' in in_out variable(s) declaration.\nwrapped.st:43: error: ';' missing at the end of statement in ST statement.\nwrapped.st:43: error: invalid statement in ST statement.\nSegmentation fault (core dumped)\n",
      "status": "iec2c_failed"
    },
    {
      "stage": "static",
      "status": "no_c_files"
    },
    {
      "stage": "runtime",
      "status": "no_binary"
    },
    {
      "stage": "logic",
      "status": "similarity",
      "ratio": 0.8767471410419314
    }
  ]
}