{
  "score": 0.4,
  "components": {
    "compile": 0.0,
    "static": 0.0,
    "runtime": 0.0,
    "logic": 1.0
  },
  "details": [
    {
      "stage": "compile",
      "iec2c_stdout": "",
      "iec2c_stderr": "wrapped.st:22: error: invalid specification in variable declaration.\nwrapped.st:30: error: invalid variable before ':=' in ST assignment statement.\nwrapped.st:30: error: ';' missing at the end of statement in ST statement.\nwrapped.st:30: error: invalid variable before ':=' in ST assignment statement.\nwrapped.st:30: error: ';' missing at the end of statement in ST statement.\nwrapped.st:30: error: invalid variable before ':=' in ST assignment statement.\nwrapped.st:30: error: ';' missing at the end of statement in ST statement.\nwrapped.st:30: error: invalid variable before ':=' in ST assignment statement.\nwrapped.st:30: error: ';' missing at the end of statement in ST statement.\nwrapped.st:30: error: invalid statement in ST statement.\n\n10 error(s) found. Bailing out!\n",
      "status": "iec2c_failed"
    },
    {
      "stage": "static",
      "status": "no_c_files"
    },
    {
      "stage": "runtime",
      "status": "no_binary"
    },
    {
      "stage": "logic",
      "status": "similarity",
      "ratio": 1.0
    }
  ]
}