{
  "score": 0.3641137855579869,
  "components": {
    "compile": 0.0,
    "static": 0.0,
    "runtime": 0.0,
    "logic": 0.9102844638949672
  },
  "details": [
    {
      "stage": "compile",
      "iec2c_stdout": "",
      "iec2c_stderr": "wrapped.st:10: error: invalid specification in variable declaration.\nwrapped.st:14: error: invalid specification in variable declaration.\nwrapped.st:18: error: invalid specification in variable declaration.\nwrapped.st:25: error: ')' missing at the end of function invocation in ST expression.\nwrapped.st:25: error: ';' missing at the end of statement in ST statement.\nwrapped.st:25: error: invalid statement in ST statement.\nSegmentation fault (core dumped)\n",
      "status": "iec2c_failed"
    },
    {
      "stage": "static",
      "status": "no_c_files"
    },
    {
      "stage": "runtime",
      "status": "no_binary"
    },
    {
      "stage": "logic",
      "status": "similarity",
      "ratio": 0.9102844638949672
    }
  ]
}