{
  "score": 0.3046597385182702,
  "components": {
    "compile": 0.0,
    "static": 0.0,
    "runtime": 0.0,
    "logic": 0.7616493462956755
  },
  "details": [
    {
      "stage": "compile",
      "iec2c_stdout": "",
      "iec2c_stderr": "wrapped.st:8: error: invalid specification in variable declaration.\nwrapped.st:12: error: invalid specification in variable declaration.\nwrapped.st:20: error: invalid specification in variable declaration.\nwrapped.st:22: error: invalid specification in variable declaration.\nwrapped.st:30: error: ')' missing at the end of function invocation in ST expression.\nwrapped.st:30: error: ';' missing at the end of statement in ST statement.\nwrapped.st:30: error: invalid statement in ST statement.\nwrapped.st:33: error: invalid variable before ':=' in ST assignment statement.\nwrapped.st:33: error: expecting 'THEN' after test expression in 'ELSEIF' statement of ST 'IF' statement.\nwrapped.st:44: error: ';' missing at the end of statement in ST statement.\nwrapped.st:44: error: invalid statement in ST statement.\nwrapped.st:66: error: invalid statement in ST statement.\nwrapped.st:72: error: invalid statement in ST statement.\nwrapped.st:75: error: invalid variable before ':=' in ST assignment statement.\nwrapped.st:79: error: ';' missing at the end of statement in ST statement.\nwrapped.st:79: error: invalid variable before ':=' in ST assignment statement.\nwrapped.st:79: error: ';' missing at the end of statement in ST statement.\nwrapped.st:79: error: invalid statement in ST statement.\nwrapped.st:80: error: invalid statement in ST statement.\n\nParsing failed because of too many consecutive syntax errors. Bailing out!\n",
      "status": "iec2c_failed"
    },
    {
      "stage": "static",
      "status": "no_c_files"
    },
    {
      "stage": "runtime",
      "status": "no_binary"
    },
    {
      "stage": "logic",
      "status": "similarity",
      "ratio": 0.7616493462956755
    }
  ]
}