{
  "score": 0.4,
  "components": {
    "compile": 0.0,
    "static": 0.0,
    "runtime": 0.0,
    "logic": 1.0
  },
  "details": [
    {
      "stage": "compile",
      "iec2c_stdout": "",
      "iec2c_stderr": "wrapped.st:8: error: invalid specification in variable declaration.\nwrapped.st:17: error: invalid specification in variable declaration.\nwrapped.st:20: error: invalid variable before ':=' in ST assignment statement.\nwrapped.st:20: error: ';' missing at the end of statement in ST statement.\nwrapped.st:20: error: invalid statement in ST statement.\nSegmentation fault (core dumped)\n",
      "status": "iec2c_failed"
    },
    {
      "stage": "static",
      "status": "no_c_files"
    },
    {
      "stage": "runtime",
      "status": "no_binary"
    },
    {
      "stage": "logic",
      "status": "similarity",
      "ratio": 1.0
    }
  ]
}